mode: set
github.com/adetiamarhadi/manning-effective-go/url/url.go:16.41,18.11 2 1
github.com/adetiamarhadi/manning-effective-go/url/url.go:21.2,23.43 3 1
github.com/adetiamarhadi/manning-effective-go/url/url.go:26.2,26.38 1 1
github.com/adetiamarhadi/manning-effective-go/url/url.go:18.11,20.3 1 0
github.com/adetiamarhadi/manning-effective-go/url/url.go:23.43,25.3 1 1
github.com/adetiamarhadi/manning-effective-go/url/url.go:29.29,31.11 2 1
github.com/adetiamarhadi/manning-effective-go/url/url.go:34.2,34.21 1 1
github.com/adetiamarhadi/manning-effective-go/url/url.go:31.11,33.3 1 1
github.com/adetiamarhadi/manning-effective-go/url/url.go:37.33,39.11 2 1
github.com/adetiamarhadi/manning-effective-go/url/url.go:42.2,42.19 1 1
github.com/adetiamarhadi/manning-effective-go/url/url.go:39.11,41.3 1 1
github.com/adetiamarhadi/manning-effective-go/url/url.go:45.31,47.2 1 1
